<?xml version="1.0" encoding="UTF-8"?>
<testng-results skipped="0" failed="0" total="4" passed="4">
  <reporter-output>
  </reporter-output>
  <suite name="Default suite" duration-ms="13893" started-at="2018-06-29T10:43:34Z" finished-at="2018-06-29T10:43:48Z">
    <groups>
    </groups>
    <test name="Default test" duration-ms="13893" started-at="2018-06-29T10:43:34Z" finished-at="2018-06-29T10:43:48Z">
      <class name="com.qait.AdvanceTactoc.Advancetactoc.AdvanceTest">
        <test-method status="PASS" signature="launch_Browser()[pri:0, instance:com.qait.AdvanceTactoc.Advancetactoc.AdvanceTest@8bd1b6a]" name="launch_Browser" is-config="true" duration-ms="5028" started-at="2018-06-29T16:13:34Z" finished-at="2018-06-29T16:13:40Z">
          <reporter-output>
          </reporter-output>
        </test-method> <!-- launch_Browser -->
        <test-method status="PASS" signature="Home_Advance_Tactoc()[pri:0, instance:com.qait.AdvanceTactoc.Advancetactoc.AdvanceTest@8bd1b6a]" name="Home_Advance_Tactoc" duration-ms="435" started-at="2018-06-29T16:13:40Z" finished-at="2018-06-29T16:13:40Z">
          <reporter-output>
          </reporter-output>
        </test-method> <!-- Home_Advance_Tactoc -->
        <test-method status="PASS" signature="Menu_Item2()[pri:0, instance:com.qait.AdvanceTactoc.Advancetactoc.AdvanceTest@8bd1b6a]" name="Menu_Item2" duration-ms="1778" started-at="2018-06-29T16:13:40Z" finished-at="2018-06-29T16:13:42Z">
          <reporter-output>
          </reporter-output>
        </test-method> <!-- Menu_Item2 -->
        <test-method status="PASS" signature="GetRest()[pri:0, instance:com.qait.AdvanceTactoc.Advancetactoc.AdvanceTest@8bd1b6a]" name="GetRest" duration-ms="3233" started-at="2018-06-29T16:13:42Z" finished-at="2018-06-29T16:13:45Z">
          <reporter-output>
          </reporter-output>
        </test-method> <!-- GetRest -->
        <test-method status="PASS" signature="DownloadAndSubmit()[pri:0, instance:com.qait.AdvanceTactoc.Advancetactoc.AdvanceTest@8bd1b6a]" name="DownloadAndSubmit" duration-ms="3400" started-at="2018-06-29T16:13:45Z" finished-at="2018-06-29T16:13:48Z">
          <reporter-output>
          </reporter-output>
        </test-method> <!-- DownloadAndSubmit -->
        <test-method status="PASS" signature="close_Browser()[pri:0, instance:com.qait.AdvanceTactoc.Advancetactoc.AdvanceTest@8bd1b6a]" name="close_Browser" is-config="true" duration-ms="0" started-at="2018-06-29T16:13:48Z" finished-at="2018-06-29T16:13:48Z">
          <reporter-output>
          </reporter-output>
        </test-method> <!-- close_Browser -->
      </class> <!-- com.qait.AdvanceTactoc.Advancetactoc.AdvanceTest -->
    </test> <!-- Default test -->
  </suite> <!-- Default suite -->
</testng-results>
